<?xml version="1.0" encoding="UTF-8"?>
<testng-results skipped="0" failed="0" ignored="0" total="1" passed="1">
  <reporter-output>
  </reporter-output>
  <suite name="Command line suite" duration-ms="2912" started-at="2023-06-15T16:54:04 IST" finished-at="2023-06-15T16:54:07 IST">
    <groups>
    </groups>
    <test name="Command line test" duration-ms="2912" started-at="2023-06-15T16:54:04 IST" finished-at="2023-06-15T16:54:07 IST">
      <class name="testcases.LoginTest">
        <test-method status="PASS" signature="setUp()[pri:0, instance:testcases.LoginTest@3fc2959f]" name="setUp" is-config="true" duration-ms="2596" started-at="2023-06-15T16:54:04 IST" finished-at="2023-06-15T16:54:06 IST">
          <reporter-output>
          </reporter-output>
        </test-method> <!-- setUp -->
        <test-method status="PASS" signature="loginTest()[pri:0, instance:testcases.LoginTest@3fc2959f]" name="loginTest" duration-ms="168" started-at="2023-06-15T16:54:06 IST" finished-at="2023-06-15T16:54:07 IST">
          <reporter-output>
          </reporter-output>
        </test-method> <!-- loginTest -->
        <test-method status="PASS" signature="tearDown()[pri:0, instance:testcases.LoginTest@3fc2959f]" name="tearDown" is-config="true" duration-ms="0" started-at="2023-06-15T16:54:07 IST" finished-at="2023-06-15T16:54:07 IST">
          <reporter-output>
          </reporter-output>
        </test-method> <!-- tearDown -->
      </class> <!-- testcases.LoginTest -->
    </test> <!-- Command line test -->
  </suite> <!-- Command line suite -->
</testng-results>
